C51 COMPILER V9.54   MAIN                                                                  02/25/2018 00:49:20 PAGE 1   


C51 COMPILER V9.54, COMPILATION OF MODULE MAIN
OBJECT MODULE PLACED IN .\Objects\main.obj
COMPILER INVOKED BY: C:\Keil_v5\C51\BIN\C51.EXE main.c OPTIMIZE(8,SPEED) BROWSE INCDIR(Y:\c51\qpn\include;Y:\c51\C51_lib
                    -) DEBUG OBJECTEXTEND PRINT(.\Listings\main.lst) TABS(2) OBJECT(.\Objects\main.obj)

line level    source

   1          /*****************************************************************************
   2          * Product: "Blinky" example
   3          * Last Updated for Version: 5.8.0
   4          * Date of the Last Update:  2016-11-06
   5          *
   6          *                    Q u a n t u m     L e a P s
   7          *                    ---------------------------
   8          *                    innovating embedded systems
   9          *
  10          * Copyright (C) Quantum Leaps, LLC. All rights reserved.
  11          *
  12          * This program is open source software: you can redistribute it and/or
  13          * modify it under the terms of the GNU General Public License as published
  14          * by the Free Software Foundation, either version 3 of the License, or
  15          * (at your option) any later version.
  16          *
  17          * Alternatively, this program may be distributed and modified under the
  18          * terms of Quantum Leaps commercial licenses, which expressly supersede
  19          * the GNU General Public License and are specifically designed for
  20          * licensees interested in retaining the proprietary status of their code.
  21          *
  22          * This program is distributed in the hope that it will be useful,
  23          * but WITHOUT ANY WARRANTY; without even the implied warranty of
  24          * MERCHANTABILITY or FITNESS FOR A PARTICULAR PURPOSE. See the
  25          * GNU General Public License for more details.
  26          *
  27          * You should have received a copy of the GNU General Public License
  28          * along with this program. If not, see <http://www.gnu.org/licenses/>.
  29          *
  30          * Contact information:
  31          * http://www.state-machine.com
  32          * mailto:info@state-machine.com
  33          *****************************************************************************/
  34          #include <stdio.h>
  35          //#include "time.h"
  36          
  37          #include "qpn.h"     /* QP-nano API */
  38          #include "bsp.h"     /* Board Support Package */
  39          #include "blinky.h"  /* Application interface */
  40          
  41          /* Local-scope objects -----------------------------------------------------*/
  42          static QEvt l_blinkyQSto[10]; /* Event queue storage for Blinky */
  43          
  44          /* QF_active[] array defines all active object control blocks --------------*/
  45          QActiveCB const Q_ROM QF_active[] = {
  46              { (QActive *)0,           (QEvt *)0,        0U                      },
  47              { (QActive *)&AO_Blinky,  l_blinkyQSto,     Q_DIM(l_blinkyQSto)     }
  48          };
  49          
  50          /*..........................................................................*/
  51          int main(void)
  52          {
  53   1          Blinky_ctor(); /* instantiate all Blinky AO */
  54   1      
C51 COMPILER V9.54   MAIN                                                                  02/25/2018 00:49:20 PAGE 2   

  55   1          QF_init(Q_DIM(QF_active)); /* initialize the QF-nano framework */
  56   1      
  57   1          BSP_init();      /* initialize the Board Support Package */
  58   1      
  59   1          QF_run(); /* transfer control to QF-nano */
  60   1        
  61   1          return 0;
  62   1      }
*** WARNING C230 IN LINE 62 OF main.c: 'AO_Blinky': uses undefined struct/union tag 'BlinkyTag'


MODULE INFORMATION:   STATIC OVERLAYABLE
   CODE SIZE        =     18    ----
   CONSTANT SIZE    =   ----    ----
   XDATA SIZE       =   ----    ----
   PDATA SIZE       =   ----    ----
   DATA SIZE        =     64    ----
   IDATA SIZE       =   ----    ----
   BIT SIZE         =   ----    ----
END OF MODULE INFORMATION.


C51 COMPILATION COMPLETE.  1 WARNING(S),  0 ERROR(S)
